#
# There is insufficient memory for the Java Runtime Environment to continue.
# Native memory allocation (mmap) failed to map 132120576 bytes for G1 virtual space
# Possible reasons:
#   The system is out of physical RAM or swap space
#   The process is running with CompressedOops enabled, and the Java Heap may be blocking the growth of the native heap
# Possible solutions:
#   Reduce memory load on the system
#   Increase physical memory or swap space
#   Check if swap backing store is full
#   Decrease Java heap size (-Xmx/-Xms)
#   Decrease number of Java threads
#   Decrease Java thread stack sizes (-Xss)
#   Set larger code cache with -XX:ReservedCodeCacheSize=
#   JVM is running with Unscaled Compressed Oops mode in which the Java heap is
#     placed in the first 4GB address space. The Java Heap base address is the
#     maximum limit for the native heap growth. Please use -XX:HeapBaseMinAddress
#     to set the Java Heap base and to place the Java Heap above 4GB virtual address.
# This output file may be truncated or incomplete.
#
#  Out of Memory Error (os_windows.cpp:3536), pid=26912, tid=7772
#
# JRE version:  (19.0.2+7) (build )
# Java VM: Java HotSpot(TM) 64-Bit Server VM (19.0.2+7-44, mixed mode, sharing, tiered, compressed oops, compressed class ptrs, g1 gc, windows-amd64)
# No core dump will be written. Minidumps are not enabled by default on client versions of Windows
#

---------------  S U M M A R Y ------------

Command Line: C:\Users\Shubham\AppData\Roaming\npm\node_modules\appium\node_modules\appium-adb\jars\verify.jar C:\Users\Shubham\AppData\Roaming\npm\node_modules\appium\node_modules\appium-uiautomator2-server\apks\appium-uiautomator2-server-v4.5.5.apk

Host: 11th Gen Intel(R) Core(TM) i5-1135G7 @ 2.40GHz, 8 cores, 7G,  Windows 11 , 64 bit Build 22621 (10.0.22621.1635)
Time: Fri May 26 18:10:30 2023 India Standard Time elapsed time: 0.024593 seconds (0d 0h 0m 0s)

---------------  T H R E A D  ---------------

Current thread (0x000001ffa6a67110):  JavaThread "Unknown thread" [_thread_in_vm, id=7772, stack(0x00000088bc500000,0x00000088bc600000)]

Stack: [0x00000088bc500000,0x00000088bc600000]
Native frames: (J=compiled Java code, j=interpreted, Vv=VM code, C=native code)
V  [jvm.dll+0x6ee21a]
V  [jvm.dll+0x85765e]
V  [jvm.dll+0x85904e]
V  [jvm.dll+0x859703]
V  [jvm.dll+0x28298f]
V  [jvm.dll+0x6eb009]
V  [jvm.dll+0x6dfbaa]
V  [jvm.dll+0x3573f6]
V  [jvm.dll+0x35ee56]
V  [jvm.dll+0x3b541e]
V  [jvm.dll+0x3b564f]
V  [jvm.dll+0x32c9ea]
V  [jvm.dll+0x32d89e]
V  [jvm.dll+0x821780]
V  [jvm.dll+0x3c2661]
V  [jvm.dll+0x801f51]
V  [jvm.dll+0x44ae8f]
V  [jvm.dll+0x44c811]
C  [jli.dll+0x5287]
C  [ucrtbase.dll+0x29363]
C  [KERNEL32.DLL+0x126ad]
C  [ntdll.dll+0x5a9f8]


---------------  P R O C E S S  ---------------

Threads class SMR info:
_java_thread_list=0x00007ffd47edd048, length=0, elements={
}

Java Threads: ( => current thread )

Other Threads:
  0x000001ffa6ac6ad0 WorkerThread "GC Thread#0" [stack: 0x00000088bc600000,0x00000088bc700000] [id=35340]
  0x000001ffa6ad7370 ConcurrentGCThread "G1 Main Marker" [stack: 0x00000088bc700000,0x00000088bc800000] [id=31896]
  0x000001ffa6ad8db0 WorkerThread "G1 Conc#0" [stack: 0x00000088bc800000,0x00000088bc900000] [id=21648]

[error occurred during error reporting (printing all threads), id 0xc0000005, EXCEPTION_ACCESS_VIOLATION (0xc0000005) at pc=0x00007ffd4769d427]

VM state: not at safepoint (not fully initialized)

VM Mutex/Monitor currently owned by a thread:  ([mutex/lock_event])
[0x000001ffa6a62c40] Heap_lock - owner thread: 0x000001ffa6a67110

Heap address: 0x0000000083600000, size: 1994 MB, Compressed Oops mode: 32-bit

CDS archive(s) mapped at: [0x0000000000000000-0x0000000000000000-0x0000000000000000), size 0, SharedBaseAddress: 0x0000000800000000, ArchiveRelocationMode: 0.
Narrow klass base: 0x0000000000000000, Narrow klass shift: 0, Narrow klass range: 0x0

GC Precious Log:
 CardTable entry size: 512
 Card Set container configuration: InlinePtr #cards 5 size 8 Array Of Cards #cards 12 size 40 Howl #buckets 4 coarsen threshold 1843 Howl Bitmap #cards 512 size 80 coarsen threshold 460 Card regions per heap region 1 cards per card region 2048

Heap:
 garbage-first heap   total 0K, used 0K [0x0000000083600000, 0x0000000100000000)
  region size 1024K, 0 young (0K), 0 survivors (0K)

[error occurred during error reporting (printing heap information), id 0xc0000005, EXCEPTION_ACCESS_VIOLATION (0xc0000005) at pc=0x00007ffd47aa6649]

GC Heap History (0 events):
No events

Dll operation events (1 events):
Event: 0.017 Loaded shared library C:\Program Files\Java\jdk-19\bin\java.dll

Deoptimization events (0 events):
No events

Classes loaded (0 events):
No events

Classes unloaded (0 events):
No events

Classes redefined (0 events):
No events

Internal exceptions (0 events):
No events

VM Operations (0 events):
No events

Events (0 events):
No events


Dynamic libraries:
0x00007ff70dcd0000 - 0x00007ff70dce0000 	C:\Program Files\Java\jdk-19\bin\java.exe
0x00007ffdd6db0000 - 0x00007ffdd6fc4000 	C:\WINDOWS\SYSTEM32\ntdll.dll
0x00007ffdd5630000 - 0x00007ffdd56f2000 	C:\WINDOWS\System32\KERNEL32.DLL
0x00007ffdd43b0000 - 0x00007ffdd4753000 	C:\WINDOWS\System32\KERNELBASE.dll
0x00007ffdd41d0000 - 0x00007ffdd42e1000 	C:\WINDOWS\System32\ucrtbase.dll
0x00007ffd9f930000 - 0x00007ffd9f948000 	C:\Program Files\Java\jdk-19\bin\jli.dll
0x00007ffdd5d40000 - 0x00007ffdd5dee000 	C:\WINDOWS\System32\ADVAPI32.dll
0x00007ffdd6ae0000 - 0x00007ffdd6b87000 	C:\WINDOWS\System32\msvcrt.dll
0x00007ffdd4c40000 - 0x00007ffdd4ce4000 	C:\WINDOWS\System32\sechost.dll
0x00007ffdd4d80000 - 0x00007ffdd4e97000 	C:\WINDOWS\System32\RPCRT4.dll
0x00007ffd9f6a0000 - 0x00007ffd9f6bb000 	C:\Program Files\Java\jdk-19\bin\VCRUNTIME140.dll
0x00007ffdd5700000 - 0x00007ffdd58ab000 	C:\WINDOWS\System32\USER32.dll
0x00007ffdd4ae0000 - 0x00007ffdd4b06000 	C:\WINDOWS\System32\win32u.dll
0x00007ffdd6ab0000 - 0x00007ffdd6ad9000 	C:\WINDOWS\System32\GDI32.dll
0x00007ffdd4760000 - 0x00007ffdd4878000 	C:\WINDOWS\System32\gdi32full.dll
0x00007ffdd4b10000 - 0x00007ffdd4baa000 	C:\WINDOWS\System32\msvcp_win.dll
0x00007ffdb9c10000 - 0x00007ffdb9e9e000 	C:\WINDOWS\WinSxS\amd64_microsoft.windows.common-controls_6595b64144ccf1df_6.0.22621.1635_none_270f70857386168e\COMCTL32.dll
0x00007ffdcb620000 - 0x00007ffdcb62a000 	C:\WINDOWS\SYSTEM32\VERSION.dll
0x00007ffdd5470000 - 0x00007ffdd54a1000 	C:\WINDOWS\System32\IMM32.DLL
0x00007ffdcaf30000 - 0x00007ffdcaf3c000 	C:\Program Files\Java\jdk-19\bin\vcruntime140_1.dll
0x00007ffd8f520000 - 0x00007ffd8f5ae000 	C:\Program Files\Java\jdk-19\bin\msvcp140.dll
0x00007ffd47360000 - 0x00007ffd48020000 	C:\Program Files\Java\jdk-19\bin\server\jvm.dll
0x00007ffdca170000 - 0x00007ffdca179000 	C:\WINDOWS\SYSTEM32\WSOCK32.dll
0x00007ffdd4cf0000 - 0x00007ffdd4d61000 	C:\WINDOWS\System32\WS2_32.dll
0x00007ffdce430000 - 0x00007ffdce464000 	C:\WINDOWS\SYSTEM32\WINMM.dll
0x00007ffdd3220000 - 0x00007ffdd3238000 	C:\WINDOWS\SYSTEM32\kernel.appcore.dll
0x00007ffdbaf10000 - 0x00007ffdbaf1a000 	C:\Program Files\Java\jdk-19\bin\jimage.dll
0x00007ffdd1cc0000 - 0x00007ffdd1eee000 	C:\WINDOWS\SYSTEM32\DBGHELP.DLL
0x00007ffdd50c0000 - 0x00007ffdd5449000 	C:\WINDOWS\System32\combase.dll
0x00007ffdd4ea0000 - 0x00007ffdd4f77000 	C:\WINDOWS\System32\OLEAUT32.dll
0x00007ffdcb1b0000 - 0x00007ffdcb1e2000 	C:\WINDOWS\SYSTEM32\dbgcore.DLL
0x00007ffdd4a60000 - 0x00007ffdd4adb000 	C:\WINDOWS\System32\bcryptPrimitives.dll
0x00007ffd9be50000 - 0x00007ffd9be76000 	C:\Program Files\Java\jdk-19\bin\java.dll

dbghelp: loaded successfully - version: 4.0.5 - missing functions: none
symbol engine: initialized successfully - sym options: 0x614 - pdb path: .;C:\Program Files\Java\jdk-19\bin;C:\WINDOWS\SYSTEM32;C:\WINDOWS\WinSxS\amd64_microsoft.windows.common-controls_6595b64144ccf1df_6.0.22621.1635_none_270f70857386168e;C:\Program Files\Java\jdk-19\bin\server

VM Arguments:
java_command: C:\Users\Shubham\AppData\Roaming\npm\node_modules\appium\node_modules\appium-adb\jars\verify.jar C:\Users\Shubham\AppData\Roaming\npm\node_modules\appium\node_modules\appium-uiautomator2-server\apks\appium-uiautomator2-server-v4.5.5.apk
java_class_path (initial): C:\Users\Shubham\AppData\Roaming\npm\node_modules\appium\node_modules\appium-adb\jars\verify.jar
Launcher Type: SUN_STANDARD

[Global flags]
     intx CICompilerCount                          = 4                                         {product} {ergonomic}
     uint ConcGCThreads                            = 2                                         {product} {ergonomic}
     uint G1ConcRefinementThreads                  = 8                                         {product} {ergonomic}
   size_t G1HeapRegionSize                         = 1048576                                   {product} {ergonomic}
    uintx GCDrainStackTargetSize                   = 64                                        {product} {ergonomic}
   size_t InitialHeapSize                          = 132120576                                 {product} {ergonomic}
   size_t MarkStackSize                            = 4194304                                   {product} {ergonomic}
   size_t MaxHeapSize                              = 2090860544                                {product} {ergonomic}
   size_t MinHeapDeltaBytes                        = 1048576                                   {product} {ergonomic}
   size_t MinHeapSize                              = 8388608                                   {product} {ergonomic}
    uintx NonNMethodCodeHeapSize                   = 5839372                                {pd product} {ergonomic}
    uintx NonProfiledCodeHeapSize                  = 122909434                              {pd product} {ergonomic}
    uintx ProfiledCodeHeapSize                     = 122909434                              {pd product} {ergonomic}
    uintx ReservedCodeCacheSize                    = 251658240                              {pd product} {ergonomic}
     bool SegmentedCodeCache                       = true                                      {product} {ergonomic}
   size_t SoftMaxHeapSize                          = 2090860544                             {manageable} {ergonomic}
     bool UseCompressedClassPointers               = true                           {product lp64_product} {ergonomic}
     bool UseCompressedOops                        = true                           {product lp64_product} {ergonomic}
     bool UseG1GC                                  = true                                      {product} {ergonomic}
     bool UseLargePagesIndividualAllocation        = false                                  {pd product} {ergonomic}

Logging:
Log output configuration:
 #0: stdout all=warning uptime,level,tags foldmultilines=false
 #1: stderr all=off uptime,level,tags foldmultilines=false

Environment Variables:
JAVA_HOME=C:\Program Files\Java\jdk-19
PATH=C:/Program Files/Java/jdk-19/bin/server;C:/Program Files/Java/jdk-19/bin;C:\WINDOWS\system32;C:\WINDOWS;C:\WINDOWS\System32\Wbem;C:\WINDOWS\System32\WindowsPowerShell\v1.0\;C:\WINDOWS\System32\OpenSSH\;C:\Program Files\Git\cmd;C:\Program Files\nodejs\;C:\Program Files\dotnet\;C:\Users\apache-maven-3.9.1\bin;C:\Users\Shubham\AppData\Local\Android\Sdk\platform-tools;C:\Users\Shubham\AppData\Local\Android\Sdk\platforms;C:\Users\Shubham\AppData\Local\Android\Sdk\tools\bin;C:\Program Files\Java\jdk-19\bin;C:\Users\Shubham\AppData\Local\Programs\Python\Python311\Scripts\;C:\Users\Shubham\AppData\Local\Programs\Python\Python311\;C:\Program Files\MySQL\MySQL Shell 8.0\bin\;C:\Users\Shubham\AppData\Local\Microsoft\WindowsApps;C:\Users\Shubham\AppData\Local\Programs\Microsoft VS Code\bin;C:\Users\Shubham\AppData\Roaming\npm;C:\Program Files\heroku\bin;C:\Program Files (x86)\MongoDB Atlas CLI\;C:\Program Files (x86)\MongoDB CLI\;F:\IntelliJ IDEA Community Edition 2022.3.3\bin;;;F:\PyCharm Community Edition 2023.1\bin;;C:\Users\Shubham\Desktop;
USERNAME=Shubham
OS=Windows_NT
PROCESSOR_IDENTIFIER=Intel64 Family 6 Model 140 Stepping 1, GenuineIntel
TMP=C:\Users\Shubham\AppData\Local\Temp
TEMP=C:\Users\Shubham\AppData\Local\Temp



---------------  S Y S T E M  ---------------

OS:
 Windows 11 , 64 bit Build 22621 (10.0.22621.1635)
OS uptime: 9 days 16:40 hours

CPU: total 8 (initial active 8) (4 cores per cpu, 2 threads per core) family 6 model 140 stepping 1 microcode 0xa6, cx8, cmov, fxsr, ht, mmx, 3dnowpref, sse, sse2, sse3, ssse3, sse4.1, sse4.2, popcnt, lzcnt, tsc, tscinvbit, avx, avx2, aes, erms, clmul, bmi1, bmi2, adx, avx512f, avx512dq, avx512cd, avx512bw, avx512vl, sha, fma, vzeroupper, avx512_vpopcntdq, avx512_vpclmulqdq, avx512_vaes, avx512_vnni, clflush, clflushopt, clwb, avx512_vbmi2, avx512_vbmi, rdtscp, rdpid, fsrm, gfni, avx512_bitalg

Memory: 4k page, system-wide physical 7975M (191M free)
TotalPageFile size 21725M (AvailPageFile size 81M)
current process WorkingSet (physical memory assigned to process): 11M, peak: 11M
current process commit charge ("private bytes"): 60M, peak: 186M

vm_info: Java HotSpot(TM) 64-Bit Server VM (19.0.2+7-44) for windows-amd64 JRE (19.0.2+7-44), built on 2022-11-30T18:02:09Z by "mach5one" with MS VC++ 17.1 (VS2022)

END.
